0 info it worked if it ends with ok
1 verbose cli [ '/usr/local/bin/node', '/usr/local/bin/npm', 'run', 'dev' ]
2 info using npm@3.8.3
3 info using node@v5.10.0
4 verbose run-script [ 'predev', 'dev', 'postdev' ]
5 info lifecycle elm-maps@0.0.1~predev: elm-maps@0.0.1
6 silly lifecycle elm-maps@0.0.1~predev: no script for predev, continuing
7 info lifecycle elm-maps@0.0.1~dev: elm-maps@0.0.1
8 verbose lifecycle elm-maps@0.0.1~dev: unsafe-perm in lifecycle true
9 verbose lifecycle elm-maps@0.0.1~dev: PATH: /usr/local/lib/node_modules/npm/bin/node-gyp-bin:/home/sichacvah/projects/elm-maps/node_modules/.bin:/usr/local/bin:/home/sichacvah/android-sdk-linux//platform-tools:/home/sichacvah/android-sdk-linux//tools:/home/sichacvah/elm-format:/home/sichacvah/gocode/bin:/usr/local/heroku/bin:/usr/local/heroku/bin:/usr/local/heroku/bin:/home/sichacvah/.rvm/gems/ruby-2.2.1/bin:/home/sichacvah/.rvm/gems/ruby-2.2.1@global/bin:/home/sichacvah/.rvm/rubies/ruby-2.2.1/bin:/home/sichacvah/phantomjs/bin:/home/sichacvah/bin:/usr/local/sbin:/usr/local/bin:/usr/sbin:/usr/bin:/sbin:/bin:/usr/games:/usr/local/games:/home/sichacvah/.rvm/bin:/home/sichacvah/phantomjs/bin:/home/sichacvah/.rvm/bin:/home/sichacvah/phantomjs/bin:/usr/local/go/bin:/home/sichacvah/.rvm/bin:/home/sichacvah/phantomjs/bin:/usr/local/go/bin:/usr/local/go/bin:/home/sichacvah/.fzf/bin
10 verbose lifecycle elm-maps@0.0.1~dev: CWD: /home/sichacvah/projects/elm-maps
11 silly lifecycle elm-maps@0.0.1~dev: Args: [ '-c', 'webpack-dev-servaer --port 3000' ]
12 info lifecycle elm-maps@0.0.1~dev: Failed to exec dev script
13 verbose stack Error: elm-maps@0.0.1 dev: `webpack-dev-servaer --port 3000`
13 verbose stack spawn ENOENT
13 verbose stack     at ChildProcess.<anonymous> (/usr/local/lib/node_modules/npm/lib/utils/spawn.js:17:16)
13 verbose stack     at emitTwo (events.js:100:13)
13 verbose stack     at ChildProcess.emit (events.js:185:7)
13 verbose stack     at maybeClose (internal/child_process.js:850:16)
13 verbose stack     at Process.ChildProcess._handle.onexit (internal/child_process.js:215:5)
14 verbose pkgid elm-maps@0.0.1
15 verbose cwd /home/sichacvah/projects/elm-maps
16 error Linux 3.16.0-41-generic
17 error argv "/usr/local/bin/node" "/usr/local/bin/npm" "run" "dev"
18 error node v5.10.0
19 error npm  v3.8.3
20 error file sh
21 error code ELIFECYCLE
22 error errno ENOENT
23 error syscall spawn
24 error elm-maps@0.0.1 dev: `webpack-dev-servaer --port 3000`
24 error spawn ENOENT
25 error Failed at the elm-maps@0.0.1 dev script 'webpack-dev-servaer --port 3000'.
25 error Make sure you have the latest version of node.js and npm installed.
25 error If you do, this is most likely a problem with the elm-maps package,
25 error not with npm itself.
25 error Tell the author that this fails on your system:
25 error     webpack-dev-servaer --port 3000
25 error You can get information on how to open an issue for this project with:
25 error     npm bugs elm-maps
25 error Or if that isn't available, you can get their info via:
25 error     npm owner ls elm-maps
25 error There is likely additional logging output above.
26 verbose exit [ 1, true ]
